<?xml version="1.0" encoding="UTF-8"?>
<testsuite name="CardTest" tests="1" skipped="0" failures="0" errors="0" timestamp="2019-08-10T03:23:21" hostname="ZHA-ITA114-W10" time="0.004">
  <properties/>
  <testcase name="should_return_list1_win_when_give_two_high_list" classname="CardTest" time="0.004"/>
  <system-out><![CDATA[]]></system-out>
  <system-err><![CDATA[]]></system-err>
</testsuite>
