<?xml version="1.0" encoding="UTF-8"?>
<testsuite name="CardTest" tests="8" skipped="0" failures="0" errors="0" timestamp="2019-08-10T05:45:55" hostname="ZHA-ITA114-W10" time="0.026">
  <properties/>
  <testcase name="should_return_list1_win_when_give_two_high_list" classname="CardTest" time="0.015"/>
  <testcase name="should_return_list1_win_when_give_tow__pair_list_and_list1_pair_is_high_than_list" classname="CardTest" time="0.003"/>
  <testcase name="should_return_equal_when_give_two_same_double_tow__pair_list_and_the_simple_card_is_equal_too" classname="CardTest" time="0.001"/>
  <testcase name="should_return_list_win_when_give_a__pair_list_and_a_high_card" classname="CardTest" time="0.001"/>
  <testcase name="should_return_equal_when_give_two_num_same_cards" classname="CardTest" time="0.003"/>
  <testcase name="should_return_list1_win_when_give_two_same_double_tow__pair_list_and_list1_simple_card_is_high_than_list" classname="CardTest" time="0.001"/>
  <testcase name="should_return_list1_win_when_give_two_double_tow__pair_list_and_list1_is_high_than_list" classname="CardTest" time="0.001"/>
  <testcase name="should_return_list_win_when_give_a_double_tow__pair_list_and_a_tow_pair_list1" classname="CardTest" time="0.0"/>
  <system-out><![CDATA[count:0,count1:0
count:1,count1:1
count:2,count1:2
count:1,count1:0
count:0,count1:0
count:2,count1:2
count:2,count1:2
count:2,count1:1
]]></system-out>
  <system-err><![CDATA[]]></system-err>
</testsuite>
