<?xml version="1.0" encoding="UTF-8"?>
<testsuite name="CardTest" tests="1" skipped="0" failures="0" errors="0" timestamp="2019-08-10T06:01:27" hostname="ZHA-ITA114-W10" time="0.013">
  <properties/>
  <testcase name="should_return_list1_win_when_give_two_three__pair_lists_and_list1_is_high_than_list" classname="CardTest" time="0.013"/>
  <system-out><![CDATA[count:1,count1:1
]]></system-out>
  <system-err><![CDATA[]]></system-err>
</testsuite>
